<?xml version="1.0" encoding="UTF-8"?>
<!-- Generated by org.testng.reporters.JUnitReportReporter -->
<testsuite hostname="TechCirle2sMini" failures="0" tests="1" name="Tests.searchBoxTest" time="41.345" errors="0" timestamp="2022-11-19T13:44:27 EST" skipped="0">
  <testcase classname="Tests.searchBoxTest" name="searchBoxHappyPath" time="41.345"/>
  <system-out/>
</testsuite> <!-- Tests.searchBoxTest -->
